Release 7.1.01i - xst H.39
Copyright (c) 1995-2005 Xilinx, Inc.  All rights reserved.
--> Parameter TMPDIR set to __projnav
CPU : 0.00 / 1.97 s | Elapsed : 0.00 / 2.00 s
 
--> Parameter xsthdpdir set to ./xst
CPU : 0.00 / 1.97 s | Elapsed : 0.00 / 2.00 s
 
--> Reading design: full_adder.prj

TABLE OF CONTENTS
  1) Synthesis Options Summary
  2) HDL Compilation
  3) HDL Analysis
  4) HDL Synthesis
  5) Advanced HDL Synthesis
     5.1) HDL Synthesis Report
  6) Low Level Synthesis
  7) Final Report
     7.1) Device utilization summary
     7.2) TIMING REPORT


=========================================================================
*                      Synthesis Options Summary                        *
=========================================================================
---- Source Parameters
Input File Name                    : "full_adder.prj"
Input Format                       : mixed
Ignore Synthesis Constraint File   : NO

---- Target Parameters
Output File Name                   : "full_adder"
Output Format                      : NGC
Target Device                      : xc2v80-5-cs144

---- Source Options
Top Module Name                    : full_adder
Automatic FSM Extraction           : YES
FSM Encoding Algorithm             : Auto
FSM Style                          : lut
RAM Extraction                     : Yes
RAM Style                          : Auto
ROM Extraction                     : Yes
ROM Style                          : Auto
Mux Extraction                     : YES
Mux Style                          : Auto
Decoder Extraction                 : YES
Priority Encoder Extraction        : YES
Shift Register Extraction          : YES
Logical Shifter Extraction         : YES
XOR Collapsing                     : YES
Resource Sharing                   : YES
Multiplier Style                   : auto
Automatic Register Balancing       : No

---- Target Options
Add IO Buffers                     : YES
Global Maximum Fanout              : 500
Add Generic Clock Buffer(BUFG)     : 16
Register Duplication               : YES
Equivalent register Removal        : YES
Slice Packing                      : YES
Pack IO Registers into IOBs        : auto

---- General Options
Optimization Goal                  : Speed
Optimization Effort                : 1
Keep Hierarchy                     : NO
Global Optimization                : AllClockNets
RTL Output                         : Yes
Write Timing Constraints           : NO
Hierarchy Separator                : /
Bus Delimiter                      : <>
Case Specifier                     : maintain
Slice Utilization Ratio            : 100
Slice Utilization Ratio Delta      : 5

---- Other Options
lso                                : full_adder.lso
Read Cores                         : YES
cross_clock_analysis               : NO
verilog2001                        : YES
safe_implementation                : No
Optimize Instantiated Primitives   : NO
tristate2logic                     : Yes
use_clock_enable                   : Yes
use_sync_set                       : Yes
use_sync_reset                     : Yes
enable_auto_floorplanning          : No

=========================================================================


=========================================================================
*                          HDL Compilation                              *
=========================================================================
Compiling vhdl file "G:/xilinx/projects/lab1/Full_Adder/half_adder.vhf" in Library work.
Entity <half_adder> compiled.
Entity <half_adder> (Architecture <BEHAVIORAL>) compiled.
Compiling vhdl file "G:/xilinx/projects/lab1/Full_Adder/full_adder.vhf" in Library work.
Entity <full_adder> compiled.
Entity <full_adder> (Architecture <BEHAVIORAL>) compiled.

=========================================================================
*                            HDL Analysis                               *
=========================================================================
Analyzing Entity <full_adder> (Architecture <BEHAVIORAL>).
Entity <full_adder> analyzed. Unit <full_adder> generated.

Analyzing Entity <half_adder> (Architecture <behavioral>).
Entity <half_adder> analyzed. Unit <half_adder> generated.


=========================================================================
*                           HDL Synthesis                               *
=========================================================================

Synthesizing Unit <half_adder>.
    Related source file is "G:/xilinx/projects/lab1/Full_Adder/half_adder.vhf".
Unit <half_adder> synthesized.


Synthesizing Unit <full_adder>.
    Related source file is "G:/xilinx/projects/lab1/Full_Adder/full_adder.vhf".
Unit <full_adder> synthesized.


=========================================================================
*                       Advanced HDL Synthesis                          *
=========================================================================

Advanced RAM inference ...
Advanced multiplier inference ...
Advanced Registered AddSub inference ...
Dynamic shift register inference ...

=========================================================================
HDL Synthesis Report

Found no macro
=========================================================================

=========================================================================
*                         Low Level Synthesis                           *
=========================================================================

Optimizing unit <full_adder> ...
Loading device for application Rf_Device from file '2v80.nph' in environment G:/xilinx/ise71.

Mapping all equations...
Building and optimizing final netlist ...
Found area constraint ratio of 100 (+ 5) on block full_adder, actual ratio is 0.

=========================================================================
*                            Final Report                               *
=========================================================================
Final Results
RTL Top Level Output File Name     : full_adder.ngr
Top Level Output File Name         : full_adder
Output Format                      : NGC
Optimization Goal                  : Speed
Keep Hierarchy                     : NO

Design Statistics
# IOs                              : 5

Cell Usage :
# BELS                             : 5
#      AND2                        : 2
#      OR2                         : 1
#      XOR2                        : 2
# IO Buffers                       : 5
#      IBUF                        : 3
#      OBUF                        : 2
=========================================================================

Device utilization summary:
---------------------------

Selected Device : 2v80cs144-5 

 Number of bonded IOBs:                  5  out of     92     5%  


=========================================================================
TIMING REPORT

NOTE: THESE TIMING NUMBERS ARE ONLY A SYNTHESIS ESTIMATE.
      FOR ACCURATE TIMING INFORMATION PLEASE REFER TO THE TRACE REPORT
      GENERATED AFTER PLACE-and-ROUTE.

Clock Information:
------------------
No clock signals found in this design

Timing Summary:
---------------
Speed Grade: -5

   Minimum period: No path found
   Minimum input arrival time before clock: No path found
   Maximum output required time after clock: No path found
   Maximum combinational path delay: 7.880ns

Timing Detail:
--------------
All values displayed in nanoseconds (ns)

=========================================================================
Timing constraint: Default path analysis
  Total number of paths / destination ports: 8 / 2
-------------------------------------------------------------------------
Delay:               7.880ns (Levels of Logic = 5)
  Source:            B (PAD)
  Destination:       Co (PAD)

  Data Path: B to Co
                                Gate     Net
    Cell:in->out      fanout   Delay   Delay  Logical Name (Net Name)
    ----------------------------------------  ------------
     IBUF:I->O             2   0.718   0.610  B_IBUF (B_IBUF)
     XOR2:I0->O            2   0.382   0.610  XLXI_1/XLXI_1 (XLXN_5)
     AND2:I0->O            1   0.382   0.450  XLXI_2/XLXI_2 (XLXN_10)
     OR2:I0->O             1   0.382   0.450  XLXI_3 (Co_OBUF)
     OBUF:I->O                 3.896          Co_OBUF (Co)
    ----------------------------------------
    Total                      7.880ns (5.760ns logic, 2.120ns route)
                                       (73.1% logic, 26.9% route)

=========================================================================
CPU : 4.62 / 6.72 s | Elapsed : 4.00 / 6.00 s
 
--> 

Total memory usage is 95192 kilobytes

Number of errors   :    0 (   0 filtered)
Number of warnings :    0 (   0 filtered)
Number of infos    :    0 (   0 filtered)

