/home/solaris/ieng9/oce/47/njoffe/p2/timing/project2.25ns.constraint_v4.scr
/home/solaris/ieng9/oce/47/njoffe/p2/timing/wep_encrypt_v4.v
/acsnfs3/software/synopsys-V-2004.06-SP2/libraries/syn/standard.sldb
/acsnfs3/software/synopsys-V-2004.06-SP2/libraries/syn/gtech.db
/acsnfs3/software/synopsys-V-2004.06-SP2/libraries/syn/class.db
/home/solaris/ieng9/oce/47/njoffe/synopsys_cache_V-2004.06-SP2/DW01/DW01_MUX/str/generic_5019_8167_8167/element.db
/home/solaris/ieng9/oce/47/njoffe/synopsys_cache_V-2004.06-SP2/DW01/DW01_mmux/str/2/generic_5019_8167_8167/element.db
/home/solaris/ieng9/oce/47/njoffe/synopsys_cache_V-2004.06-SP2/DW01/DW01_mmux/str/3/generic_5019_8167_8167/element.db
/home/solaris/ieng9/oce/47/njoffe/synopsys_cache_V-2004.06-SP2/DW01/DW01_mmux/str/4/generic_5019_8167_8167/element.db
/home/solaris/ieng9/oce/47/njoffe/synopsys_cache_V-2004.06-SP2/DW01/DW01_mmux/str/5/generic_5019_8167_8167/element.db
/home/solaris/ieng9/oce/47/njoffe/synopsys_cache_V-2004.06-SP2/DW01/DW01_inc/rpl/8/generic_5019_8167_8167/element.db
/home/solaris/ieng9/oce/47/njoffe/synopsys_cache_V-2004.06-SP2/DW01/DW01_add/rpl/8/generic_5019_8167_8167/element.db
/home/solaris/ieng9/oce/47/njoffe/synopsys_cache_V-2004.06-SP2/DW01/DW01_add/cla/8/generic_5019_8167_8167/element.db
/home/solaris/ieng9/oce/47/njoffe/synopsys_cache_V-2004.06-SP2/DW01/DW01_add/rpl/16/generic_5019_8167_8167/element.db
/home/solaris/ieng9/oce/47/njoffe/synopsys_cache_V-2004.06-SP2/DW01/DW01_add/cla/16/generic_5019_8167_8167/element.db
/home/solaris/ieng9/oce/47/njoffe/synopsys_cache_V-2004.06-SP2/DW01/DW01_cmp2/rpl/32/generic_5019_8167_8167/element.db
/home/solaris/ieng9/oce/47/njoffe/synopsys_cache_V-2004.06-SP2/DW01/DW01_add/rpl/32/generic_5019_8167_8167/element.db
/home/solaris/ieng9/oce/47/njoffe/synopsys_cache_V-2004.06-SP2/DW01/DW01_add/cla/32/generic_5019_8167_8167/element.db
/home/solaris/ieng9/oce/47/njoffe/synopsys_cache_V-2004.06-SP2/DW01/DW01_inc/rpl/2/generic_5019_8167_8167/element.db
/home/solaris/ieng9/oce/47/njoffe/synopsys_cache_V-2004.06-SP2/DW01/DW01_NAND2/str/generic_5019_8167_8167/element.db
/home/solaris/ieng9/oce/47/njoffe/synopsys_cache_V-2004.06-SP2/DW01/DW01_NOT/str/generic_5019_8167_8167/element.db
/home/solaris/ieng9/oce/47/njoffe/synopsys_cache_V-2004.06-SP2/DW01/DW01_NOT/str/class_4598_8167_8167/element.db
/home/solaris/ieng9/oce/47/njoffe/synopsys_cache_V-2004.06-SP2/DW01/DW01_inc/rpl/8/class_4598/element.db
/home/solaris/ieng9/oce/47/njoffe/synopsys_cache_V-2004.06-SP2/DW01/DW01_add/rpl/8/class_4598/element.db
/home/solaris/ieng9/oce/47/njoffe/synopsys_cache_V-2004.06-SP2/DW01/DW01_add/rpl/16/class_4598/element.db
/home/solaris/ieng9/oce/47/njoffe/synopsys_cache_V-2004.06-SP2/DW01/DW01_cmp2/rpl/32/class_4598/element.db
/home/solaris/ieng9/oce/47/njoffe/synopsys_cache_V-2004.06-SP2/DW01/DW01_add/rpl/32/class_4598/element.db
/home/solaris/ieng9/oce/47/njoffe/synopsys_cache_V-2004.06-SP2/DW01/DW01_inc/rpl/2/class_4598/element.db
/home/solaris/ieng9/oce/47/njoffe/synopsys_cache_V-2004.06-SP2/DW01/DW01_add/rpl/8/class_4598_6559_8167/element.db
/home/solaris/ieng9/oce/47/njoffe/synopsys_cache_V-2004.06-SP2/DW01/DW01_add/cla/8/class_4598_6559_8167/element.db
/home/solaris/ieng9/oce/47/njoffe/synopsys_cache_V-2004.06-SP2/DW01/DW01_add/cla/8/class_4598/element.db
/home/solaris/ieng9/oce/47/njoffe/synopsys_cache_V-2004.06-SP2/DW01/DW01_add/rpl/32/class_4598_6559_8167/element.db
/home/solaris/ieng9/oce/47/njoffe/synopsys_cache_V-2004.06-SP2/DW01/DW01_add/cla/32/class_4598_6559_8167/element.db
/home/solaris/ieng9/oce/47/njoffe/synopsys_cache_V-2004.06-SP2/DW01/DW01_add/cla/32/class_4598/element.db
